Performing C SOURCE FILE Test CMAKE_HAVE_LIBC_PTHREAD failed with the following output:
Change Dir: /home/hongbin/CLionProjects/test1/cmake-build-debug/CMakeFiles/CMakeTmp

Run Build Command(s):/snap/clion/229/bin/ninja/linux/x64/ninja cmTC_079db && [1/2] Building C object CMakeFiles/cmTC_079db.dir/src.c.o
[2/2] Linking C executable cmTC_079db
FAILED: cmTC_079db 
: && /usr/bin/cc   CMakeFiles/cmTC_079db.dir/src.c.o -o cmTC_079db   && :
/usr/bin/ld: CMakeFiles/cmTC_079db.dir/src.c.o: in function `main':
src.c:(.text+0x22): undefined reference to `pthread_create'
/usr/bin/ld: src.c:(.text+0x2b): undefined reference to `pthread_detach'
/usr/bin/ld: src.c:(.text+0x34): undefined reference to `pthread_cancel'
/usr/bin/ld: src.c:(.text+0x41): undefined reference to `pthread_join'
clang: error: linker command failed with exit code 1 (use -v to see invocation)
ninja: build stopped: subcommand failed.


Source file was:
#include <pthread.h>

static void* test_func(void* data)
{
  return data;
}

int main(void)
{
  pthread_t thread;
  pthread_create(&thread, NULL, test_func, NULL);
  pthread_detach(thread);
  pthread_cancel(thread);
  pthread_join(thread, NULL);
  pthread_atfork(NULL, NULL, NULL);
  pthread_exit(NULL);

  return 0;
}

Determining if the function pthread_create exists in the pthreads failed with the following output:
Change Dir: /home/hongbin/CLionProjects/test1/cmake-build-debug/CMakeFiles/CMakeTmp

Run Build Command(s):/snap/clion/229/bin/ninja/linux/x64/ninja cmTC_9d5a6 && [1/2] Building C object CMakeFiles/cmTC_9d5a6.dir/CheckFunctionExists.c.o
[2/2] Linking C executable cmTC_9d5a6
FAILED: cmTC_9d5a6 
: && /usr/bin/cc -DCHECK_FUNCTION_EXISTS=pthread_create  CMakeFiles/cmTC_9d5a6.dir/CheckFunctionExists.c.o -o cmTC_9d5a6  -lpthreads && :
/usr/bin/ld: cannot find -lpthreads
clang: error: linker command failed with exit code 1 (use -v to see invocation)
ninja: build stopped: subcommand failed.



